# JRE version: OpenJDK Runtime Environment AdoptOpenJDK (15.0.2+7) (build 15.0.2+7)
# Java VM: OpenJDK 64-Bit Server VM AdoptOpenJDK (15.0.2+7, mixed mode, sharing, tiered, compressed oops, g1 gc, bsd-amd64)
GC Precious Log:
 CPUs: 8 total, 8 available
 Memory: 16384M
 Large Page Support: Disabled
 NUMA Support: Disabled
 Compressed Oops: Enabled (Zero based)
 Heap Region Size: 2M
 Heap Min Capacity: 8M
 Heap Initial Capacity: 256M
 Heap Max Capacity: 4G
 Pre-touch: Disabled
 Parallel Workers: 8
 Concurrent Workers: 2
 Concurrent Refinement Workers: 8
 Periodic GC: Disabled
Heap:
 garbage-first heap   total 161792K, used 25362K [0x0000000700000000, 0x0000000800000000)
  region size 2048K, 7 young (14336K), 5 survivors (10240K)
 Metaspace       used 35192K, capacity 35648K, committed 35964K, reserved 1081344K
  class space    used 4673K, capacity 4854K, committed 4864K, reserved 1048576K
GC Heap History (12 events):
Event: 0.961 GC heap before
{Heap before GC invocations=0 (full 0):
 garbage-first heap   total 266240K, used 22312K [0x0000000700000000, 0x0000000800000000)
  region size 2048K, 11 young (22528K), 0 survivors (0K)
 Metaspace       used 5337K, capacity 5446K, committed 5632K, reserved 1056768K
  class space    used 631K, capacity 666K, committed 768K, reserved 1048576K
}
Event: 0.966 GC heap after
{Heap after GC invocations=1 (full 0):
 garbage-first heap   total 266240K, used 7314K [0x0000000700000000, 0x0000000800000000)
  region size 2048K, 2 young (4096K), 2 survivors (4096K)
 Metaspace       used 5337K, capacity 5446K, committed 5632K, reserved 1056768K
  class space    used 631K, capacity 666K, committed 768K, reserved 1048576K
}
Event: 1.242 GC heap before
{Heap before GC invocations=1 (full 0):
 garbage-first heap   total 266240K, used 35986K [0x0000000700000000, 0x0000000800000000)
  region size 2048K, 16 young (32768K), 2 survivors (4096K)
 Metaspace       used 8480K, capacity 8667K, committed 8832K, reserved 1056768K
  class space    used 1060K, capacity 1111K, committed 1152K, reserved 1048576K
}
Event: 1.247 GC heap after
{Heap after GC invocations=2 (full 0):
 garbage-first heap   total 266240K, used 8486K [0x0000000700000000, 0x0000000800000000)
  region size 2048K, 1 young (2048K), 1 survivors (2048K)
 Metaspace       used 8480K, capacity 8667K, committed 8832K, reserved 1056768K
  class space    used 1060K, capacity 1111K, committed 1152K, reserved 1048576K
}
Event: 2.131 GC heap before
{Heap before GC invocations=2 (full 0):
 garbage-first heap   total 266240K, used 108838K [0x0000000700000000, 0x0000000800000000)
  region size 2048K, 51 young (104448K), 1 survivors (2048K)
 Metaspace       used 20724K, capacity 21088K, committed 21296K, reserved 1067008K
  class space    used 2788K, capacity 2920K, committed 2944K, reserved 1048576K
}
Event: 2.138 GC heap after
{Heap after GC invocations=3 (full 0):
 garbage-first heap   total 266240K, used 13179K [0x0000000700000000, 0x0000000800000000)
  region size 2048K, 3 young (6144K), 3 survivors (6144K)
 Metaspace       used 20724K, capacity 21088K, committed 21296K, reserved 1067008K
  class space    used 2788K, capacity 2920K, committed 2944K, reserved 1048576K
}
Event: 2.587 GC heap before
{Heap before GC invocations=4 (full 0):
 garbage-first heap   total 61440K, used 43899K [0x0000000700000000, 0x0000000800000000)
  region size 2048K, 18 young (36864K), 3 survivors (6144K)
 Metaspace       used 23044K, capacity 23429K, committed 23676K, reserved 1069056K
  class space    used 3154K, capacity 3290K, committed 3328K, reserved 1048576K
}
Event: 2.594 GC heap after
{Heap after GC invocations=5 (full 0):
 garbage-first heap   total 61440K, used 14465K [0x0000000700000000, 0x0000000800000000)
  region size 2048K, 1 young (2048K), 1 survivors (2048K)
 Metaspace       used 23044K, capacity 23429K, committed 23676K, reserved 1069056K
  class space    used 3154K, capacity 3290K, committed 3328K, reserved 1048576K
}
Event: 2.967 GC heap before
{Heap before GC invocations=5 (full 0):
 garbage-first heap   total 61440K, used 39041K [0x0000000700000000, 0x0000000800000000)
  region size 2048K, 14 young (28672K), 1 survivors (2048K)
 Metaspace       used 26320K, capacity 26825K, committed 27388K, reserved 1073152K
  class space    used 3662K, capacity 3843K, committed 3968K, reserved 1048576K
}
Event: 2.971 GC heap after
{Heap after GC invocations=6 (full 0):
 garbage-first heap   total 161792K, used 16162K [0x0000000700000000, 0x0000000800000000)
  region size 2048K, 2 young (4096K), 2 survivors (4096K)
 Metaspace       used 26320K, capacity 26825K, committed 27388K, reserved 1073152K
  class space    used 3662K, capacity 3843K, committed 3968K, reserved 1048576K
}
Event: 3.781 GC heap before
{Heap before GC invocations=6 (full 0):
 garbage-first heap   total 161792K, used 110370K [0x0000000700000000, 0x0000000800000000)
  region size 2048K, 47 young (96256K), 2 survivors (4096K)
 Metaspace       used 35043K, capacity 35584K, committed 35964K, reserved 1081344K
  class space    used 4659K, capacity 4854K, committed 4864K, reserved 1048576K
}
Event: 3.788 GC heap after
{Heap after GC invocations=7 (full 0):
 garbage-first heap   total 161792K, used 23314K [0x0000000700000000, 0x0000000800000000)
  region size 2048K, 5 young (10240K), 5 survivors (10240K)
 Metaspace       used 35043K, capacity 35584K, committed 35964K, reserved 1081344K
  class space    used 4659K, capacity 4854K, committed 4864K, reserved 1048576K
}

